INFO:     Will watch for changes in these directories: ['/Users/alan/GitHub/agent-platform']
INFO:     Uvicorn running on http://127.0.0.1:8000 (Press CTRL+C to quit)
INFO:     Started reloader process [70711] using WatchFiles
INFO:     Started server process [70714]
INFO:     Waiting for application startup.
2025-12-10 17:04:16,067 - apscheduler.scheduler - INFO - Scheduler started
2025-12-10 17:04:16,067 - app.services.scheduler_service - INFO - 스케줄러 시작됨
2025-12-10 17:04:16,067 - app.main - INFO - Scheduler started
2025-12-10 17:04:16,067 - apscheduler.scheduler - DEBUG - Looking for jobs to run
2025-12-10 17:04:16,067 - apscheduler.scheduler - DEBUG - No jobs; waiting until a job is added
INFO:     Application startup complete.
WARNING:  WatchFiles detected changes in 'app/services/session_repository.py'. Reloading...
INFO:     Shutting down
INFO:     Waiting for application shutdown.
2025-12-10 17:04:36,897 - app.services.scheduler_service - INFO - 스케줄러 종료됨
2025-12-10 17:04:36,897 - app.main - INFO - Scheduler stopped
2025-12-10 17:04:36,897 - apscheduler.scheduler - INFO - Scheduler has been shut down
INFO:     Application shutdown complete.
INFO:     Finished server process [70714]
INFO:     Started server process [71178]
INFO:     Waiting for application startup.
2025-12-10 17:04:37,782 - apscheduler.scheduler - INFO - Scheduler started
2025-12-10 17:04:37,782 - app.services.scheduler_service - INFO - 스케줄러 시작됨
2025-12-10 17:04:37,782 - app.main - INFO - Scheduler started
2025-12-10 17:04:37,782 - apscheduler.scheduler - DEBUG - Looking for jobs to run
2025-12-10 17:04:37,782 - apscheduler.scheduler - DEBUG - No jobs; waiting until a job is added
INFO:     Application startup complete.
INFO:     58.122.170.2:0 - "GET /api/status HTTP/1.1" 200 OK
INFO:     58.122.170.2:0 - "POST /api/session HTTP/1.1" 500 Internal Server Error
ERROR:    Exception in ASGI application
Traceback (most recent call last):
  File "/Users/alan/GitHub/agent-platform/venv/lib/python3.9/site-packages/redis/asyncio/connection.py", line 307, in connect_check_health
    await self.retry.call_with_retry(
  File "/Users/alan/GitHub/agent-platform/venv/lib/python3.9/site-packages/redis/asyncio/retry.py", line 50, in call_with_retry
    return await do()
  File "/Users/alan/GitHub/agent-platform/venv/lib/python3.9/site-packages/redis/asyncio/connection.py", line 768, in _connect
    reader, writer = await asyncio.open_connection(
  File "/Library/Developer/CommandLineTools/Library/Frameworks/Python3.framework/Versions/3.9/lib/python3.9/asyncio/streams.py", line 52, in open_connection
    transport, _ = await loop.create_connection(
  File "uvloop/loop.pyx", line 1982, in create_connection
socket.gaierror: [Errno 8] nodename nor servname provided, or not known

During handling of the above exception, another exception occurred:

Traceback (most recent call last):
  File "/Users/alan/GitHub/agent-platform/venv/lib/python3.9/site-packages/uvicorn/protocols/http/httptools_impl.py", line 409, in run_asgi
    result = await app(  # type: ignore[func-returns-value]
  File "/Users/alan/GitHub/agent-platform/venv/lib/python3.9/site-packages/uvicorn/middleware/proxy_headers.py", line 60, in __call__
    return await self.app(scope, receive, send)
  File "/Users/alan/GitHub/agent-platform/venv/lib/python3.9/site-packages/fastapi/applications.py", line 1139, in __call__
    await super().__call__(scope, receive, send)
  File "/Users/alan/GitHub/agent-platform/venv/lib/python3.9/site-packages/starlette/applications.py", line 113, in __call__
    await self.middleware_stack(scope, receive, send)
  File "/Users/alan/GitHub/agent-platform/venv/lib/python3.9/site-packages/starlette/middleware/errors.py", line 186, in __call__
    raise exc
  File "/Users/alan/GitHub/agent-platform/venv/lib/python3.9/site-packages/starlette/middleware/errors.py", line 164, in __call__
    await self.app(scope, receive, _send)
  File "/Users/alan/GitHub/agent-platform/venv/lib/python3.9/site-packages/starlette/middleware/cors.py", line 85, in __call__
    await self.app(scope, receive, send)
  File "/Users/alan/GitHub/agent-platform/venv/lib/python3.9/site-packages/starlette/middleware/exceptions.py", line 63, in __call__
    await wrap_app_handling_exceptions(self.app, conn)(scope, receive, send)
  File "/Users/alan/GitHub/agent-platform/venv/lib/python3.9/site-packages/starlette/_exception_handler.py", line 53, in wrapped_app
    raise exc
  File "/Users/alan/GitHub/agent-platform/venv/lib/python3.9/site-packages/starlette/_exception_handler.py", line 42, in wrapped_app
    await app(scope, receive, sender)
  File "/Users/alan/GitHub/agent-platform/venv/lib/python3.9/site-packages/fastapi/middleware/asyncexitstack.py", line 18, in __call__
    await self.app(scope, receive, send)
  File "/Users/alan/GitHub/agent-platform/venv/lib/python3.9/site-packages/starlette/routing.py", line 716, in __call__
    await self.middleware_stack(scope, receive, send)
  File "/Users/alan/GitHub/agent-platform/venv/lib/python3.9/site-packages/starlette/routing.py", line 736, in app
    await route.handle(scope, receive, send)
  File "/Users/alan/GitHub/agent-platform/venv/lib/python3.9/site-packages/starlette/routing.py", line 290, in handle
    await self.app(scope, receive, send)
  File "/Users/alan/GitHub/agent-platform/venv/lib/python3.9/site-packages/fastapi/routing.py", line 120, in app
    await wrap_app_handling_exceptions(app, request)(scope, receive, send)
  File "/Users/alan/GitHub/agent-platform/venv/lib/python3.9/site-packages/starlette/_exception_handler.py", line 53, in wrapped_app
    raise exc
  File "/Users/alan/GitHub/agent-platform/venv/lib/python3.9/site-packages/starlette/_exception_handler.py", line 42, in wrapped_app
    await app(scope, receive, sender)
  File "/Users/alan/GitHub/agent-platform/venv/lib/python3.9/site-packages/fastapi/routing.py", line 106, in app
    response = await f(request)
  File "/Users/alan/GitHub/agent-platform/venv/lib/python3.9/site-packages/fastapi/routing.py", line 430, in app
    raw_response = await run_endpoint_function(
  File "/Users/alan/GitHub/agent-platform/venv/lib/python3.9/site-packages/fastapi/routing.py", line 316, in run_endpoint_function
    return await dependant.call(**values)
  File "/Users/alan/GitHub/agent-platform/app/api/routes/sessions.py", line 25, in create_session
    await repository.save(record)
  File "/Users/alan/GitHub/agent-platform/app/services/session_repository.py", line 146, in save
    await self.client.setex(key, self.ttl_seconds, json.dumps(record))
  File "/Users/alan/GitHub/agent-platform/venv/lib/python3.9/site-packages/redis/asyncio/client.py", line 720, in execute_command
    conn = self.connection or await pool.get_connection()
  File "/Users/alan/GitHub/agent-platform/venv/lib/python3.9/site-packages/redis/asyncio/connection.py", line 1198, in get_connection
    await self.ensure_connection(connection)
  File "/Users/alan/GitHub/agent-platform/venv/lib/python3.9/site-packages/redis/asyncio/connection.py", line 1231, in ensure_connection
    await connection.connect()
  File "/Users/alan/GitHub/agent-platform/venv/lib/python3.9/site-packages/redis/asyncio/connection.py", line 298, in connect
    await self.connect_check_health(check_health=True)
  File "/Users/alan/GitHub/agent-platform/venv/lib/python3.9/site-packages/redis/asyncio/connection.py", line 317, in connect_check_health
    raise ConnectionError(self._error_message(e))
redis.exceptions.ConnectionError: Error 8 connecting to fly-agent-platform-redis.upstash.io:6379. nodename nor servname provided, or not known.
INFO:     58.122.170.2:0 - "POST /api/session HTTP/1.1" 500 Internal Server Error
ERROR:    Exception in ASGI application
Traceback (most recent call last):
  File "/Users/alan/GitHub/agent-platform/venv/lib/python3.9/site-packages/redis/asyncio/connection.py", line 307, in connect_check_health
    await self.retry.call_with_retry(
  File "/Users/alan/GitHub/agent-platform/venv/lib/python3.9/site-packages/redis/asyncio/retry.py", line 50, in call_with_retry
    return await do()
  File "/Users/alan/GitHub/agent-platform/venv/lib/python3.9/site-packages/redis/asyncio/connection.py", line 768, in _connect
    reader, writer = await asyncio.open_connection(
  File "/Library/Developer/CommandLineTools/Library/Frameworks/Python3.framework/Versions/3.9/lib/python3.9/asyncio/streams.py", line 52, in open_connection
    transport, _ = await loop.create_connection(
  File "uvloop/loop.pyx", line 1982, in create_connection
socket.gaierror: [Errno 8] nodename nor servname provided, or not known

During handling of the above exception, another exception occurred:

Traceback (most recent call last):
  File "/Users/alan/GitHub/agent-platform/venv/lib/python3.9/site-packages/uvicorn/protocols/http/httptools_impl.py", line 409, in run_asgi
    result = await app(  # type: ignore[func-returns-value]
  File "/Users/alan/GitHub/agent-platform/venv/lib/python3.9/site-packages/uvicorn/middleware/proxy_headers.py", line 60, in __call__
    return await self.app(scope, receive, send)
  File "/Users/alan/GitHub/agent-platform/venv/lib/python3.9/site-packages/fastapi/applications.py", line 1139, in __call__
    await super().__call__(scope, receive, send)
  File "/Users/alan/GitHub/agent-platform/venv/lib/python3.9/site-packages/starlette/applications.py", line 113, in __call__
    await self.middleware_stack(scope, receive, send)
  File "/Users/alan/GitHub/agent-platform/venv/lib/python3.9/site-packages/starlette/middleware/errors.py", line 186, in __call__
    raise exc
  File "/Users/alan/GitHub/agent-platform/venv/lib/python3.9/site-packages/starlette/middleware/errors.py", line 164, in __call__
    await self.app(scope, receive, _send)
  File "/Users/alan/GitHub/agent-platform/venv/lib/python3.9/site-packages/starlette/middleware/cors.py", line 85, in __call__
    await self.app(scope, receive, send)
  File "/Users/alan/GitHub/agent-platform/venv/lib/python3.9/site-packages/starlette/middleware/exceptions.py", line 63, in __call__
    await wrap_app_handling_exceptions(self.app, conn)(scope, receive, send)
  File "/Users/alan/GitHub/agent-platform/venv/lib/python3.9/site-packages/starlette/_exception_handler.py", line 53, in wrapped_app
    raise exc
  File "/Users/alan/GitHub/agent-platform/venv/lib/python3.9/site-packages/starlette/_exception_handler.py", line 42, in wrapped_app
    await app(scope, receive, sender)
  File "/Users/alan/GitHub/agent-platform/venv/lib/python3.9/site-packages/fastapi/middleware/asyncexitstack.py", line 18, in __call__
    await self.app(scope, receive, send)
  File "/Users/alan/GitHub/agent-platform/venv/lib/python3.9/site-packages/starlette/routing.py", line 716, in __call__
    await self.middleware_stack(scope, receive, send)
  File "/Users/alan/GitHub/agent-platform/venv/lib/python3.9/site-packages/starlette/routing.py", line 736, in app
    await route.handle(scope, receive, send)
  File "/Users/alan/GitHub/agent-platform/venv/lib/python3.9/site-packages/starlette/routing.py", line 290, in handle
    await self.app(scope, receive, send)
  File "/Users/alan/GitHub/agent-platform/venv/lib/python3.9/site-packages/fastapi/routing.py", line 120, in app
    await wrap_app_handling_exceptions(app, request)(scope, receive, send)
  File "/Users/alan/GitHub/agent-platform/venv/lib/python3.9/site-packages/starlette/_exception_handler.py", line 53, in wrapped_app
    raise exc
  File "/Users/alan/GitHub/agent-platform/venv/lib/python3.9/site-packages/starlette/_exception_handler.py", line 42, in wrapped_app
    await app(scope, receive, sender)
  File "/Users/alan/GitHub/agent-platform/venv/lib/python3.9/site-packages/fastapi/routing.py", line 106, in app
    response = await f(request)
  File "/Users/alan/GitHub/agent-platform/venv/lib/python3.9/site-packages/fastapi/routing.py", line 430, in app
    raw_response = await run_endpoint_function(
  File "/Users/alan/GitHub/agent-platform/venv/lib/python3.9/site-packages/fastapi/routing.py", line 316, in run_endpoint_function
    return await dependant.call(**values)
  File "/Users/alan/GitHub/agent-platform/app/api/routes/sessions.py", line 25, in create_session
    await repository.save(record)
  File "/Users/alan/GitHub/agent-platform/app/services/session_repository.py", line 146, in save
    await self.client.setex(key, self.ttl_seconds, json.dumps(record))
  File "/Users/alan/GitHub/agent-platform/venv/lib/python3.9/site-packages/redis/asyncio/client.py", line 720, in execute_command
    conn = self.connection or await pool.get_connection()
  File "/Users/alan/GitHub/agent-platform/venv/lib/python3.9/site-packages/redis/asyncio/connection.py", line 1198, in get_connection
    await self.ensure_connection(connection)
  File "/Users/alan/GitHub/agent-platform/venv/lib/python3.9/site-packages/redis/asyncio/connection.py", line 1231, in ensure_connection
    await connection.connect()
  File "/Users/alan/GitHub/agent-platform/venv/lib/python3.9/site-packages/redis/asyncio/connection.py", line 298, in connect
    await self.connect_check_health(check_health=True)
  File "/Users/alan/GitHub/agent-platform/venv/lib/python3.9/site-packages/redis/asyncio/connection.py", line 317, in connect_check_health
    raise ConnectionError(self._error_message(e))
redis.exceptions.ConnectionError: Error 8 connecting to fly-agent-platform-redis.upstash.io:6379. nodename nor servname provided, or not known.
INFO:     58.122.170.2:0 - "POST /api/session HTTP/1.1" 500 Internal Server Error
ERROR:    Exception in ASGI application
Traceback (most recent call last):
  File "/Users/alan/GitHub/agent-platform/venv/lib/python3.9/site-packages/redis/asyncio/connection.py", line 307, in connect_check_health
    await self.retry.call_with_retry(
  File "/Users/alan/GitHub/agent-platform/venv/lib/python3.9/site-packages/redis/asyncio/retry.py", line 50, in call_with_retry
    return await do()
  File "/Users/alan/GitHub/agent-platform/venv/lib/python3.9/site-packages/redis/asyncio/connection.py", line 768, in _connect
    reader, writer = await asyncio.open_connection(
  File "/Library/Developer/CommandLineTools/Library/Frameworks/Python3.framework/Versions/3.9/lib/python3.9/asyncio/streams.py", line 52, in open_connection
    transport, _ = await loop.create_connection(
  File "uvloop/loop.pyx", line 1982, in create_connection
socket.gaierror: [Errno 8] nodename nor servname provided, or not known

During handling of the above exception, another exception occurred:

Traceback (most recent call last):
  File "/Users/alan/GitHub/agent-platform/venv/lib/python3.9/site-packages/uvicorn/protocols/http/httptools_impl.py", line 409, in run_asgi
    result = await app(  # type: ignore[func-returns-value]
  File "/Users/alan/GitHub/agent-platform/venv/lib/python3.9/site-packages/uvicorn/middleware/proxy_headers.py", line 60, in __call__
    return await self.app(scope, receive, send)
  File "/Users/alan/GitHub/agent-platform/venv/lib/python3.9/site-packages/fastapi/applications.py", line 1139, in __call__
    await super().__call__(scope, receive, send)
  File "/Users/alan/GitHub/agent-platform/venv/lib/python3.9/site-packages/starlette/applications.py", line 113, in __call__
    await self.middleware_stack(scope, receive, send)
  File "/Users/alan/GitHub/agent-platform/venv/lib/python3.9/site-packages/starlette/middleware/errors.py", line 186, in __call__
    raise exc
  File "/Users/alan/GitHub/agent-platform/venv/lib/python3.9/site-packages/starlette/middleware/errors.py", line 164, in __call__
    await self.app(scope, receive, _send)
  File "/Users/alan/GitHub/agent-platform/venv/lib/python3.9/site-packages/starlette/middleware/cors.py", line 85, in __call__
    await self.app(scope, receive, send)
  File "/Users/alan/GitHub/agent-platform/venv/lib/python3.9/site-packages/starlette/middleware/exceptions.py", line 63, in __call__
    await wrap_app_handling_exceptions(self.app, conn)(scope, receive, send)
  File "/Users/alan/GitHub/agent-platform/venv/lib/python3.9/site-packages/starlette/_exception_handler.py", line 53, in wrapped_app
    raise exc
  File "/Users/alan/GitHub/agent-platform/venv/lib/python3.9/site-packages/starlette/_exception_handler.py", line 42, in wrapped_app
    await app(scope, receive, sender)
  File "/Users/alan/GitHub/agent-platform/venv/lib/python3.9/site-packages/fastapi/middleware/asyncexitstack.py", line 18, in __call__
    await self.app(scope, receive, send)
  File "/Users/alan/GitHub/agent-platform/venv/lib/python3.9/site-packages/starlette/routing.py", line 716, in __call__
    await self.middleware_stack(scope, receive, send)
  File "/Users/alan/GitHub/agent-platform/venv/lib/python3.9/site-packages/starlette/routing.py", line 736, in app
    await route.handle(scope, receive, send)
  File "/Users/alan/GitHub/agent-platform/venv/lib/python3.9/site-packages/starlette/routing.py", line 290, in handle
    await self.app(scope, receive, send)
  File "/Users/alan/GitHub/agent-platform/venv/lib/python3.9/site-packages/fastapi/routing.py", line 120, in app
    await wrap_app_handling_exceptions(app, request)(scope, receive, send)
  File "/Users/alan/GitHub/agent-platform/venv/lib/python3.9/site-packages/starlette/_exception_handler.py", line 53, in wrapped_app
    raise exc
  File "/Users/alan/GitHub/agent-platform/venv/lib/python3.9/site-packages/starlette/_exception_handler.py", line 42, in wrapped_app
    await app(scope, receive, sender)
  File "/Users/alan/GitHub/agent-platform/venv/lib/python3.9/site-packages/fastapi/routing.py", line 106, in app
    response = await f(request)
  File "/Users/alan/GitHub/agent-platform/venv/lib/python3.9/site-packages/fastapi/routing.py", line 430, in app
    raw_response = await run_endpoint_function(
  File "/Users/alan/GitHub/agent-platform/venv/lib/python3.9/site-packages/fastapi/routing.py", line 316, in run_endpoint_function
    return await dependant.call(**values)
  File "/Users/alan/GitHub/agent-platform/app/api/routes/sessions.py", line 25, in create_session
    await repository.save(record)
  File "/Users/alan/GitHub/agent-platform/app/services/session_repository.py", line 146, in save
    await self.client.setex(key, self.ttl_seconds, json.dumps(record))
  File "/Users/alan/GitHub/agent-platform/venv/lib/python3.9/site-packages/redis/asyncio/client.py", line 720, in execute_command
    conn = self.connection or await pool.get_connection()
  File "/Users/alan/GitHub/agent-platform/venv/lib/python3.9/site-packages/redis/asyncio/connection.py", line 1198, in get_connection
    await self.ensure_connection(connection)
  File "/Users/alan/GitHub/agent-platform/venv/lib/python3.9/site-packages/redis/asyncio/connection.py", line 1231, in ensure_connection
    await connection.connect()
  File "/Users/alan/GitHub/agent-platform/venv/lib/python3.9/site-packages/redis/asyncio/connection.py", line 298, in connect
    await self.connect_check_health(check_health=True)
  File "/Users/alan/GitHub/agent-platform/venv/lib/python3.9/site-packages/redis/asyncio/connection.py", line 317, in connect_check_health
    raise ConnectionError(self._error_message(e))
redis.exceptions.ConnectionError: Error 8 connecting to fly-agent-platform-redis.upstash.io:6379. nodename nor servname provided, or not known.
INFO:     127.0.0.1:56673 - "GET /docs HTTP/1.1" 200 OK
INFO:     127.0.0.1:56673 - "GET /openapi.json HTTP/1.1" 200 OK
INFO:     58.122.170.2:0 - "GET /api/status HTTP/1.1" 200 OK
INFO:     58.122.170.2:0 - "POST /api/session HTTP/1.1" 500 Internal Server Error
ERROR:    Exception in ASGI application
Traceback (most recent call last):
  File "/Users/alan/GitHub/agent-platform/venv/lib/python3.9/site-packages/redis/asyncio/connection.py", line 307, in connect_check_health
    await self.retry.call_with_retry(
  File "/Users/alan/GitHub/agent-platform/venv/lib/python3.9/site-packages/redis/asyncio/retry.py", line 50, in call_with_retry
    return await do()
  File "/Users/alan/GitHub/agent-platform/venv/lib/python3.9/site-packages/redis/asyncio/connection.py", line 768, in _connect
    reader, writer = await asyncio.open_connection(
  File "/Library/Developer/CommandLineTools/Library/Frameworks/Python3.framework/Versions/3.9/lib/python3.9/asyncio/streams.py", line 52, in open_connection
    transport, _ = await loop.create_connection(
  File "uvloop/loop.pyx", line 1982, in create_connection
socket.gaierror: [Errno 8] nodename nor servname provided, or not known

During handling of the above exception, another exception occurred:

Traceback (most recent call last):
  File "/Users/alan/GitHub/agent-platform/venv/lib/python3.9/site-packages/uvicorn/protocols/http/httptools_impl.py", line 409, in run_asgi
    result = await app(  # type: ignore[func-returns-value]
  File "/Users/alan/GitHub/agent-platform/venv/lib/python3.9/site-packages/uvicorn/middleware/proxy_headers.py", line 60, in __call__
    return await self.app(scope, receive, send)
  File "/Users/alan/GitHub/agent-platform/venv/lib/python3.9/site-packages/fastapi/applications.py", line 1139, in __call__
    await super().__call__(scope, receive, send)
  File "/Users/alan/GitHub/agent-platform/venv/lib/python3.9/site-packages/starlette/applications.py", line 113, in __call__
    await self.middleware_stack(scope, receive, send)
  File "/Users/alan/GitHub/agent-platform/venv/lib/python3.9/site-packages/starlette/middleware/errors.py", line 186, in __call__
    raise exc
  File "/Users/alan/GitHub/agent-platform/venv/lib/python3.9/site-packages/starlette/middleware/errors.py", line 164, in __call__
    await self.app(scope, receive, _send)
  File "/Users/alan/GitHub/agent-platform/venv/lib/python3.9/site-packages/starlette/middleware/cors.py", line 85, in __call__
    await self.app(scope, receive, send)
  File "/Users/alan/GitHub/agent-platform/venv/lib/python3.9/site-packages/starlette/middleware/exceptions.py", line 63, in __call__
    await wrap_app_handling_exceptions(self.app, conn)(scope, receive, send)
  File "/Users/alan/GitHub/agent-platform/venv/lib/python3.9/site-packages/starlette/_exception_handler.py", line 53, in wrapped_app
    raise exc
  File "/Users/alan/GitHub/agent-platform/venv/lib/python3.9/site-packages/starlette/_exception_handler.py", line 42, in wrapped_app
    await app(scope, receive, sender)
  File "/Users/alan/GitHub/agent-platform/venv/lib/python3.9/site-packages/fastapi/middleware/asyncexitstack.py", line 18, in __call__
    await self.app(scope, receive, send)
  File "/Users/alan/GitHub/agent-platform/venv/lib/python3.9/site-packages/starlette/routing.py", line 716, in __call__
    await self.middleware_stack(scope, receive, send)
  File "/Users/alan/GitHub/agent-platform/venv/lib/python3.9/site-packages/starlette/routing.py", line 736, in app
    await route.handle(scope, receive, send)
  File "/Users/alan/GitHub/agent-platform/venv/lib/python3.9/site-packages/starlette/routing.py", line 290, in handle
    await self.app(scope, receive, send)
  File "/Users/alan/GitHub/agent-platform/venv/lib/python3.9/site-packages/fastapi/routing.py", line 120, in app
    await wrap_app_handling_exceptions(app, request)(scope, receive, send)
  File "/Users/alan/GitHub/agent-platform/venv/lib/python3.9/site-packages/starlette/_exception_handler.py", line 53, in wrapped_app
    raise exc
  File "/Users/alan/GitHub/agent-platform/venv/lib/python3.9/site-packages/starlette/_exception_handler.py", line 42, in wrapped_app
    await app(scope, receive, sender)
  File "/Users/alan/GitHub/agent-platform/venv/lib/python3.9/site-packages/fastapi/routing.py", line 106, in app
    response = await f(request)
  File "/Users/alan/GitHub/agent-platform/venv/lib/python3.9/site-packages/fastapi/routing.py", line 430, in app
    raw_response = await run_endpoint_function(
  File "/Users/alan/GitHub/agent-platform/venv/lib/python3.9/site-packages/fastapi/routing.py", line 316, in run_endpoint_function
    return await dependant.call(**values)
  File "/Users/alan/GitHub/agent-platform/app/api/routes/sessions.py", line 25, in create_session
    await repository.save(record)
  File "/Users/alan/GitHub/agent-platform/app/services/session_repository.py", line 146, in save
    await self.client.setex(key, self.ttl_seconds, json.dumps(record))
  File "/Users/alan/GitHub/agent-platform/venv/lib/python3.9/site-packages/redis/asyncio/client.py", line 720, in execute_command
    conn = self.connection or await pool.get_connection()
  File "/Users/alan/GitHub/agent-platform/venv/lib/python3.9/site-packages/redis/asyncio/connection.py", line 1198, in get_connection
    await self.ensure_connection(connection)
  File "/Users/alan/GitHub/agent-platform/venv/lib/python3.9/site-packages/redis/asyncio/connection.py", line 1231, in ensure_connection
    await connection.connect()
  File "/Users/alan/GitHub/agent-platform/venv/lib/python3.9/site-packages/redis/asyncio/connection.py", line 298, in connect
    await self.connect_check_health(check_health=True)
  File "/Users/alan/GitHub/agent-platform/venv/lib/python3.9/site-packages/redis/asyncio/connection.py", line 317, in connect_check_health
    raise ConnectionError(self._error_message(e))
redis.exceptions.ConnectionError: Error 8 connecting to fly-agent-platform-redis.upstash.io:6379. nodename nor servname provided, or not known.
INFO:     58.122.170.2:0 - "POST /api/session HTTP/1.1" 500 Internal Server Error
ERROR:    Exception in ASGI application
Traceback (most recent call last):
  File "/Users/alan/GitHub/agent-platform/venv/lib/python3.9/site-packages/redis/asyncio/connection.py", line 307, in connect_check_health
    await self.retry.call_with_retry(
  File "/Users/alan/GitHub/agent-platform/venv/lib/python3.9/site-packages/redis/asyncio/retry.py", line 50, in call_with_retry
    return await do()
  File "/Users/alan/GitHub/agent-platform/venv/lib/python3.9/site-packages/redis/asyncio/connection.py", line 768, in _connect
    reader, writer = await asyncio.open_connection(
  File "/Library/Developer/CommandLineTools/Library/Frameworks/Python3.framework/Versions/3.9/lib/python3.9/asyncio/streams.py", line 52, in open_connection
    transport, _ = await loop.create_connection(
  File "uvloop/loop.pyx", line 1982, in create_connection
socket.gaierror: [Errno 8] nodename nor servname provided, or not known

During handling of the above exception, another exception occurred:

Traceback (most recent call last):
  File "/Users/alan/GitHub/agent-platform/venv/lib/python3.9/site-packages/uvicorn/protocols/http/httptools_impl.py", line 409, in run_asgi
    result = await app(  # type: ignore[func-returns-value]
  File "/Users/alan/GitHub/agent-platform/venv/lib/python3.9/site-packages/uvicorn/middleware/proxy_headers.py", line 60, in __call__
    return await self.app(scope, receive, send)
  File "/Users/alan/GitHub/agent-platform/venv/lib/python3.9/site-packages/fastapi/applications.py", line 1139, in __call__
    await super().__call__(scope, receive, send)
  File "/Users/alan/GitHub/agent-platform/venv/lib/python3.9/site-packages/starlette/applications.py", line 113, in __call__
    await self.middleware_stack(scope, receive, send)
  File "/Users/alan/GitHub/agent-platform/venv/lib/python3.9/site-packages/starlette/middleware/errors.py", line 186, in __call__
    raise exc
  File "/Users/alan/GitHub/agent-platform/venv/lib/python3.9/site-packages/starlette/middleware/errors.py", line 164, in __call__
    await self.app(scope, receive, _send)
  File "/Users/alan/GitHub/agent-platform/venv/lib/python3.9/site-packages/starlette/middleware/cors.py", line 85, in __call__
    await self.app(scope, receive, send)
  File "/Users/alan/GitHub/agent-platform/venv/lib/python3.9/site-packages/starlette/middleware/exceptions.py", line 63, in __call__
    await wrap_app_handling_exceptions(self.app, conn)(scope, receive, send)
  File "/Users/alan/GitHub/agent-platform/venv/lib/python3.9/site-packages/starlette/_exception_handler.py", line 53, in wrapped_app
    raise exc
  File "/Users/alan/GitHub/agent-platform/venv/lib/python3.9/site-packages/starlette/_exception_handler.py", line 42, in wrapped_app
    await app(scope, receive, sender)
  File "/Users/alan/GitHub/agent-platform/venv/lib/python3.9/site-packages/fastapi/middleware/asyncexitstack.py", line 18, in __call__
    await self.app(scope, receive, send)
  File "/Users/alan/GitHub/agent-platform/venv/lib/python3.9/site-packages/starlette/routing.py", line 716, in __call__
    await self.middleware_stack(scope, receive, send)
  File "/Users/alan/GitHub/agent-platform/venv/lib/python3.9/site-packages/starlette/routing.py", line 736, in app
    await route.handle(scope, receive, send)
  File "/Users/alan/GitHub/agent-platform/venv/lib/python3.9/site-packages/starlette/routing.py", line 290, in handle
    await self.app(scope, receive, send)
  File "/Users/alan/GitHub/agent-platform/venv/lib/python3.9/site-packages/fastapi/routing.py", line 120, in app
    await wrap_app_handling_exceptions(app, request)(scope, receive, send)
  File "/Users/alan/GitHub/agent-platform/venv/lib/python3.9/site-packages/starlette/_exception_handler.py", line 53, in wrapped_app
    raise exc
  File "/Users/alan/GitHub/agent-platform/venv/lib/python3.9/site-packages/starlette/_exception_handler.py", line 42, in wrapped_app
    await app(scope, receive, sender)
  File "/Users/alan/GitHub/agent-platform/venv/lib/python3.9/site-packages/fastapi/routing.py", line 106, in app
    response = await f(request)
  File "/Users/alan/GitHub/agent-platform/venv/lib/python3.9/site-packages/fastapi/routing.py", line 430, in app
    raw_response = await run_endpoint_function(
  File "/Users/alan/GitHub/agent-platform/venv/lib/python3.9/site-packages/fastapi/routing.py", line 316, in run_endpoint_function
    return await dependant.call(**values)
  File "/Users/alan/GitHub/agent-platform/app/api/routes/sessions.py", line 25, in create_session
    await repository.save(record)
  File "/Users/alan/GitHub/agent-platform/app/services/session_repository.py", line 146, in save
    await self.client.setex(key, self.ttl_seconds, json.dumps(record))
  File "/Users/alan/GitHub/agent-platform/venv/lib/python3.9/site-packages/redis/asyncio/client.py", line 720, in execute_command
    conn = self.connection or await pool.get_connection()
  File "/Users/alan/GitHub/agent-platform/venv/lib/python3.9/site-packages/redis/asyncio/connection.py", line 1198, in get_connection
    await self.ensure_connection(connection)
  File "/Users/alan/GitHub/agent-platform/venv/lib/python3.9/site-packages/redis/asyncio/connection.py", line 1231, in ensure_connection
    await connection.connect()
  File "/Users/alan/GitHub/agent-platform/venv/lib/python3.9/site-packages/redis/asyncio/connection.py", line 298, in connect
    await self.connect_check_health(check_health=True)
  File "/Users/alan/GitHub/agent-platform/venv/lib/python3.9/site-packages/redis/asyncio/connection.py", line 317, in connect_check_health
    raise ConnectionError(self._error_message(e))
redis.exceptions.ConnectionError: Error 8 connecting to fly-agent-platform-redis.upstash.io:6379. nodename nor servname provided, or not known.
INFO:     58.122.170.2:0 - "POST /api/session HTTP/1.1" 500 Internal Server Error
ERROR:    Exception in ASGI application
Traceback (most recent call last):
  File "/Users/alan/GitHub/agent-platform/venv/lib/python3.9/site-packages/redis/asyncio/connection.py", line 307, in connect_check_health
    await self.retry.call_with_retry(
  File "/Users/alan/GitHub/agent-platform/venv/lib/python3.9/site-packages/redis/asyncio/retry.py", line 50, in call_with_retry
    return await do()
  File "/Users/alan/GitHub/agent-platform/venv/lib/python3.9/site-packages/redis/asyncio/connection.py", line 768, in _connect
    reader, writer = await asyncio.open_connection(
  File "/Library/Developer/CommandLineTools/Library/Frameworks/Python3.framework/Versions/3.9/lib/python3.9/asyncio/streams.py", line 52, in open_connection
    transport, _ = await loop.create_connection(
  File "uvloop/loop.pyx", line 1982, in create_connection
socket.gaierror: [Errno 8] nodename nor servname provided, or not known

During handling of the above exception, another exception occurred:

Traceback (most recent call last):
  File "/Users/alan/GitHub/agent-platform/venv/lib/python3.9/site-packages/uvicorn/protocols/http/httptools_impl.py", line 409, in run_asgi
    result = await app(  # type: ignore[func-returns-value]
  File "/Users/alan/GitHub/agent-platform/venv/lib/python3.9/site-packages/uvicorn/middleware/proxy_headers.py", line 60, in __call__
    return await self.app(scope, receive, send)
  File "/Users/alan/GitHub/agent-platform/venv/lib/python3.9/site-packages/fastapi/applications.py", line 1139, in __call__
    await super().__call__(scope, receive, send)
  File "/Users/alan/GitHub/agent-platform/venv/lib/python3.9/site-packages/starlette/applications.py", line 113, in __call__
    await self.middleware_stack(scope, receive, send)
  File "/Users/alan/GitHub/agent-platform/venv/lib/python3.9/site-packages/starlette/middleware/errors.py", line 186, in __call__
    raise exc
  File "/Users/alan/GitHub/agent-platform/venv/lib/python3.9/site-packages/starlette/middleware/errors.py", line 164, in __call__
    await self.app(scope, receive, _send)
  File "/Users/alan/GitHub/agent-platform/venv/lib/python3.9/site-packages/starlette/middleware/cors.py", line 85, in __call__
    await self.app(scope, receive, send)
  File "/Users/alan/GitHub/agent-platform/venv/lib/python3.9/site-packages/starlette/middleware/exceptions.py", line 63, in __call__
    await wrap_app_handling_exceptions(self.app, conn)(scope, receive, send)
  File "/Users/alan/GitHub/agent-platform/venv/lib/python3.9/site-packages/starlette/_exception_handler.py", line 53, in wrapped_app
    raise exc
  File "/Users/alan/GitHub/agent-platform/venv/lib/python3.9/site-packages/starlette/_exception_handler.py", line 42, in wrapped_app
    await app(scope, receive, sender)
  File "/Users/alan/GitHub/agent-platform/venv/lib/python3.9/site-packages/fastapi/middleware/asyncexitstack.py", line 18, in __call__
    await self.app(scope, receive, send)
  File "/Users/alan/GitHub/agent-platform/venv/lib/python3.9/site-packages/starlette/routing.py", line 716, in __call__
    await self.middleware_stack(scope, receive, send)
  File "/Users/alan/GitHub/agent-platform/venv/lib/python3.9/site-packages/starlette/routing.py", line 736, in app
    await route.handle(scope, receive, send)
  File "/Users/alan/GitHub/agent-platform/venv/lib/python3.9/site-packages/starlette/routing.py", line 290, in handle
    await self.app(scope, receive, send)
  File "/Users/alan/GitHub/agent-platform/venv/lib/python3.9/site-packages/fastapi/routing.py", line 120, in app
    await wrap_app_handling_exceptions(app, request)(scope, receive, send)
  File "/Users/alan/GitHub/agent-platform/venv/lib/python3.9/site-packages/starlette/_exception_handler.py", line 53, in wrapped_app
    raise exc
  File "/Users/alan/GitHub/agent-platform/venv/lib/python3.9/site-packages/starlette/_exception_handler.py", line 42, in wrapped_app
    await app(scope, receive, sender)
  File "/Users/alan/GitHub/agent-platform/venv/lib/python3.9/site-packages/fastapi/routing.py", line 106, in app
    response = await f(request)
  File "/Users/alan/GitHub/agent-platform/venv/lib/python3.9/site-packages/fastapi/routing.py", line 430, in app
    raw_response = await run_endpoint_function(
  File "/Users/alan/GitHub/agent-platform/venv/lib/python3.9/site-packages/fastapi/routing.py", line 316, in run_endpoint_function
    return await dependant.call(**values)
  File "/Users/alan/GitHub/agent-platform/app/api/routes/sessions.py", line 25, in create_session
    await repository.save(record)
  File "/Users/alan/GitHub/agent-platform/app/services/session_repository.py", line 146, in save
    await self.client.setex(key, self.ttl_seconds, json.dumps(record))
  File "/Users/alan/GitHub/agent-platform/venv/lib/python3.9/site-packages/redis/asyncio/client.py", line 720, in execute_command
    conn = self.connection or await pool.get_connection()
  File "/Users/alan/GitHub/agent-platform/venv/lib/python3.9/site-packages/redis/asyncio/connection.py", line 1198, in get_connection
    await self.ensure_connection(connection)
  File "/Users/alan/GitHub/agent-platform/venv/lib/python3.9/site-packages/redis/asyncio/connection.py", line 1231, in ensure_connection
    await connection.connect()
  File "/Users/alan/GitHub/agent-platform/venv/lib/python3.9/site-packages/redis/asyncio/connection.py", line 298, in connect
    await self.connect_check_health(check_health=True)
  File "/Users/alan/GitHub/agent-platform/venv/lib/python3.9/site-packages/redis/asyncio/connection.py", line 317, in connect_check_health
    raise ConnectionError(self._error_message(e))
redis.exceptions.ConnectionError: Error 8 connecting to fly-agent-platform-redis.upstash.io:6379. nodename nor servname provided, or not known.
INFO:     Shutting down
INFO:     Waiting for application shutdown.
2025-12-10 17:06:38,250 - app.services.scheduler_service - INFO - 스케줄러 종료됨
2025-12-10 17:06:38,250 - app.main - INFO - Scheduler stopped
2025-12-10 17:06:38,250 - apscheduler.scheduler - INFO - Scheduler has been shut down
INFO:     Application shutdown complete.
INFO:     Finished server process [71178]
INFO:     Stopping reloader process [70711]
