INFO:     Will watch for changes in these directories: ['/Users/alan/GitHub/agent-platform']
INFO:     Uvicorn running on http://127.0.0.1:8000 (Press CTRL+C to quit)
INFO:     Started reloader process [82480] using WatchFiles
/Users/alan/GitHub/agent-platform/venv/lib/python3.9/site-packages/urllib3/__init__.py:35: NotOpenSSLWarning: urllib3 v2 only supports OpenSSL 1.1.1+, currently the 'ssl' module is compiled with 'LibreSSL 2.8.3'. See: https://github.com/urllib3/urllib3/issues/3020
  warnings.warn(
Process SpawnProcess-1:
Traceback (most recent call last):
  File "/Users/alan/GitHub/agent-platform/venv/lib/python3.9/site-packages/pydantic/_internal/_typing_extra.py", line 492, in _eval_type_backport
    return _eval_type(value, globalns, localns, type_params)
  File "/Users/alan/GitHub/agent-platform/venv/lib/python3.9/site-packages/pydantic/_internal/_typing_extra.py", line 545, in _eval_type
    return typing._eval_type(  # type: ignore
  File "/Library/Developer/CommandLineTools/Library/Frameworks/Python3.framework/Versions/3.9/lib/python3.9/typing.py", line 290, in _eval_type
    return t._evaluate(globalns, localns, recursive_guard)
  File "/Library/Developer/CommandLineTools/Library/Frameworks/Python3.framework/Versions/3.9/lib/python3.9/typing.py", line 546, in _evaluate
    eval(self.__forward_code__, globalns, localns),
  File "<string>", line 1, in <module>
TypeError: unsupported operand type(s) for |: 'type' and 'NoneType'

The above exception was the direct cause of the following exception:

Traceback (most recent call last):
  File "/Library/Developer/CommandLineTools/Library/Frameworks/Python3.framework/Versions/3.9/lib/python3.9/multiprocessing/process.py", line 315, in _bootstrap
    self.run()
  File "/Library/Developer/CommandLineTools/Library/Frameworks/Python3.framework/Versions/3.9/lib/python3.9/multiprocessing/process.py", line 108, in run
    self._target(*self._args, **self._kwargs)
  File "/Users/alan/GitHub/agent-platform/venv/lib/python3.9/site-packages/uvicorn/_subprocess.py", line 80, in subprocess_started
    target(sockets=sockets)
  File "/Users/alan/GitHub/agent-platform/venv/lib/python3.9/site-packages/uvicorn/server.py", line 67, in run
    return asyncio_run(self.serve(sockets=sockets), loop_factory=self.config.get_loop_factory())
  File "/Users/alan/GitHub/agent-platform/venv/lib/python3.9/site-packages/uvicorn/_compat.py", line 60, in asyncio_run
    return loop.run_until_complete(main)
  File "uvloop/loop.pyx", line 1518, in uvloop.loop.Loop.run_until_complete
  File "/Users/alan/GitHub/agent-platform/venv/lib/python3.9/site-packages/uvicorn/server.py", line 71, in serve
    await self._serve(sockets)
  File "/Users/alan/GitHub/agent-platform/venv/lib/python3.9/site-packages/uvicorn/server.py", line 78, in _serve
    config.load()
  File "/Users/alan/GitHub/agent-platform/venv/lib/python3.9/site-packages/uvicorn/config.py", line 439, in load
    self.loaded_app = import_from_string(self.app)
  File "/Users/alan/GitHub/agent-platform/venv/lib/python3.9/site-packages/uvicorn/importer.py", line 19, in import_from_string
    module = importlib.import_module(module_str)
  File "/Library/Developer/CommandLineTools/Library/Frameworks/Python3.framework/Versions/3.9/lib/python3.9/importlib/__init__.py", line 127, in import_module
    return _bootstrap._gcd_import(name[level:], package, level)
  File "<frozen importlib._bootstrap>", line 1030, in _gcd_import
  File "<frozen importlib._bootstrap>", line 1007, in _find_and_load
  File "<frozen importlib._bootstrap>", line 986, in _find_and_load_unlocked
  File "<frozen importlib._bootstrap>", line 680, in _load_unlocked
  File "<frozen importlib._bootstrap_external>", line 850, in exec_module
  File "<frozen importlib._bootstrap>", line 228, in _call_with_frames_removed
  File "/Users/alan/GitHub/agent-platform/app/main.py", line 8, in <module>
    from app.api.router import get_api_router
  File "/Users/alan/GitHub/agent-platform/app/api/router.py", line 3, in <module>
    from app.api.routes import (
  File "/Users/alan/GitHub/agent-platform/app/api/routes/sync.py", line 37, in <module>
    class SyncTriggerRequest(BaseModel):
  File "/Users/alan/GitHub/agent-platform/venv/lib/python3.9/site-packages/pydantic/_internal/_model_construction.py", line 242, in __new__
    set_model_fields(cls, config_wrapper=config_wrapper, ns_resolver=ns_resolver)
  File "/Users/alan/GitHub/agent-platform/venv/lib/python3.9/site-packages/pydantic/_internal/_model_construction.py", line 566, in set_model_fields
    fields, class_vars = collect_model_fields(cls, config_wrapper, ns_resolver, typevars_map=typevars_map)
  File "/Users/alan/GitHub/agent-platform/venv/lib/python3.9/site-packages/pydantic/_internal/_fields.py", line 256, in collect_model_fields
    type_hints = _typing_extra.get_model_type_hints(cls, ns_resolver=ns_resolver)
  File "/Users/alan/GitHub/agent-platform/venv/lib/python3.9/site-packages/pydantic/_internal/_typing_extra.py", line 350, in get_model_type_hints
    hints[name] = try_eval_type(value, globalns, localns)
  File "/Users/alan/GitHub/agent-platform/venv/lib/python3.9/site-packages/pydantic/_internal/_typing_extra.py", line 404, in try_eval_type
    return eval_type_backport(value, globalns, localns), True
  File "/Users/alan/GitHub/agent-platform/venv/lib/python3.9/site-packages/pydantic/_internal/_typing_extra.py", line 455, in eval_type_backport
    return _eval_type_backport(value, globalns, localns, type_params)
  File "/Users/alan/GitHub/agent-platform/venv/lib/python3.9/site-packages/pydantic/_internal/_typing_extra.py", line 500, in _eval_type_backport
    raise TypeError(
TypeError: Unable to evaluate type annotation 'datetime | None'. If you are making use of the new typing syntax (unions using `|` since Python 3.10 or builtins subscripting since Python 3.9), you should either replace the use of new syntax with the existing `typing` constructs or install the `eval_type_backport` package.
WARNING:  WatchFiles detected changes in 'app/api/routes/sync.py'. Reloading...
/Users/alan/GitHub/agent-platform/venv/lib/python3.9/site-packages/urllib3/__init__.py:35: NotOpenSSLWarning: urllib3 v2 only supports OpenSSL 1.1.1+, currently the 'ssl' module is compiled with 'LibreSSL 2.8.3'. See: https://github.com/urllib3/urllib3/issues/3020
  warnings.warn(
Process SpawnProcess-2:
Traceback (most recent call last):
  File "/Users/alan/GitHub/agent-platform/venv/lib/python3.9/site-packages/pydantic/_internal/_typing_extra.py", line 492, in _eval_type_backport
    return _eval_type(value, globalns, localns, type_params)
  File "/Users/alan/GitHub/agent-platform/venv/lib/python3.9/site-packages/pydantic/_internal/_typing_extra.py", line 545, in _eval_type
    return typing._eval_type(  # type: ignore
  File "/Library/Developer/CommandLineTools/Library/Frameworks/Python3.framework/Versions/3.9/lib/python3.9/typing.py", line 290, in _eval_type
    return t._evaluate(globalns, localns, recursive_guard)
  File "/Library/Developer/CommandLineTools/Library/Frameworks/Python3.framework/Versions/3.9/lib/python3.9/typing.py", line 546, in _evaluate
    eval(self.__forward_code__, globalns, localns),
  File "<string>", line 1, in <module>
TypeError: unsupported operand type(s) for |: 'type' and 'NoneType'

The above exception was the direct cause of the following exception:

Traceback (most recent call last):
  File "/Library/Developer/CommandLineTools/Library/Frameworks/Python3.framework/Versions/3.9/lib/python3.9/multiprocessing/process.py", line 315, in _bootstrap
    self.run()
  File "/Library/Developer/CommandLineTools/Library/Frameworks/Python3.framework/Versions/3.9/lib/python3.9/multiprocessing/process.py", line 108, in run
    self._target(*self._args, **self._kwargs)
  File "/Users/alan/GitHub/agent-platform/venv/lib/python3.9/site-packages/uvicorn/_subprocess.py", line 80, in subprocess_started
    target(sockets=sockets)
  File "/Users/alan/GitHub/agent-platform/venv/lib/python3.9/site-packages/uvicorn/server.py", line 67, in run
    return asyncio_run(self.serve(sockets=sockets), loop_factory=self.config.get_loop_factory())
  File "/Users/alan/GitHub/agent-platform/venv/lib/python3.9/site-packages/uvicorn/_compat.py", line 60, in asyncio_run
    return loop.run_until_complete(main)
  File "uvloop/loop.pyx", line 1518, in uvloop.loop.Loop.run_until_complete
  File "/Users/alan/GitHub/agent-platform/venv/lib/python3.9/site-packages/uvicorn/server.py", line 71, in serve
    await self._serve(sockets)
  File "/Users/alan/GitHub/agent-platform/venv/lib/python3.9/site-packages/uvicorn/server.py", line 78, in _serve
    config.load()
  File "/Users/alan/GitHub/agent-platform/venv/lib/python3.9/site-packages/uvicorn/config.py", line 439, in load
    self.loaded_app = import_from_string(self.app)
  File "/Users/alan/GitHub/agent-platform/venv/lib/python3.9/site-packages/uvicorn/importer.py", line 19, in import_from_string
    module = importlib.import_module(module_str)
  File "/Library/Developer/CommandLineTools/Library/Frameworks/Python3.framework/Versions/3.9/lib/python3.9/importlib/__init__.py", line 127, in import_module
    return _bootstrap._gcd_import(name[level:], package, level)
  File "<frozen importlib._bootstrap>", line 1030, in _gcd_import
  File "<frozen importlib._bootstrap>", line 1007, in _find_and_load
  File "<frozen importlib._bootstrap>", line 986, in _find_and_load_unlocked
  File "<frozen importlib._bootstrap>", line 680, in _load_unlocked
  File "<frozen importlib._bootstrap_external>", line 850, in exec_module
  File "<frozen importlib._bootstrap>", line 228, in _call_with_frames_removed
  File "/Users/alan/GitHub/agent-platform/app/main.py", line 8, in <module>
    from app.api.router import get_api_router
  File "/Users/alan/GitHub/agent-platform/app/api/router.py", line 3, in <module>
    from app.api.routes import (
  File "/Users/alan/GitHub/agent-platform/app/api/routes/sync.py", line 73, in <module>
    class SyncResultResponse(BaseModel):
  File "/Users/alan/GitHub/agent-platform/venv/lib/python3.9/site-packages/pydantic/_internal/_model_construction.py", line 242, in __new__
    set_model_fields(cls, config_wrapper=config_wrapper, ns_resolver=ns_resolver)
  File "/Users/alan/GitHub/agent-platform/venv/lib/python3.9/site-packages/pydantic/_internal/_model_construction.py", line 566, in set_model_fields
    fields, class_vars = collect_model_fields(cls, config_wrapper, ns_resolver, typevars_map=typevars_map)
  File "/Users/alan/GitHub/agent-platform/venv/lib/python3.9/site-packages/pydantic/_internal/_fields.py", line 256, in collect_model_fields
    type_hints = _typing_extra.get_model_type_hints(cls, ns_resolver=ns_resolver)
  File "/Users/alan/GitHub/agent-platform/venv/lib/python3.9/site-packages/pydantic/_internal/_typing_extra.py", line 350, in get_model_type_hints
    hints[name] = try_eval_type(value, globalns, localns)
  File "/Users/alan/GitHub/agent-platform/venv/lib/python3.9/site-packages/pydantic/_internal/_typing_extra.py", line 404, in try_eval_type
    return eval_type_backport(value, globalns, localns), True
  File "/Users/alan/GitHub/agent-platform/venv/lib/python3.9/site-packages/pydantic/_internal/_typing_extra.py", line 455, in eval_type_backport
    return _eval_type_backport(value, globalns, localns, type_params)
  File "/Users/alan/GitHub/agent-platform/venv/lib/python3.9/site-packages/pydantic/_internal/_typing_extra.py", line 500, in _eval_type_backport
    raise TypeError(
TypeError: Unable to evaluate type annotation 'str | None'. If you are making use of the new typing syntax (unions using `|` since Python 3.10 or builtins subscripting since Python 3.9), you should either replace the use of new syntax with the existing `typing` constructs or install the `eval_type_backport` package.
WARNING:  WatchFiles detected changes in 'app/api/routes/sync.py'. Reloading...
/Users/alan/GitHub/agent-platform/venv/lib/python3.9/site-packages/urllib3/__init__.py:35: NotOpenSSLWarning: urllib3 v2 only supports OpenSSL 1.1.1+, currently the 'ssl' module is compiled with 'LibreSSL 2.8.3'. See: https://github.com/urllib3/urllib3/issues/3020
  warnings.warn(
INFO:     Started server process [84241]
INFO:     Waiting for application startup.
INFO:     Application startup complete.
